[2026-06-11 23:20:40] [INFO] [API] HTTP Server started on port 8081
[2026-06-11 23:20:40] [INFO] [API] Frontend can connect at http://localhost:8081/api
[2026-06-11 23:29:29] [INFO] Received OPTIONS request to /api/auth/login
[2026-06-11 23:29:29] [INFO] Received POST request to /api/auth/login
[2026-06-11 23:33:34] [INFO] Received OPTIONS request to /api/auth/login
[2026-06-11 23:33:34] [INFO] Received POST request to /api/auth/login
[2026-06-11 23:33:34] [INFO] Received OPTIONS request to /api/dashboard
[2026-06-11 23:33:34] [INFO] Received OPTIONS request to /api/system/audit
[2026-06-11 23:33:34] [INFO] Received OPTIONS request to /api/dashboard
[2026-06-11 23:33:34] [INFO] Received OPTIONS request to /api/system/audit
[2026-06-11 23:40:51] [INFO] Received OPTIONS request to /api/dashboard
[2026-06-11 23:40:51] [INFO] Received OPTIONS request to /api/system/audit
[2026-06-11 23:40:51] [INFO] Received OPTIONS request to /api/dashboard
[2026-06-11 23:40:51] [INFO] Received OPTIONS request to /api/system/audit
[2026-06-11 23:41:08] [INFO] Received OPTIONS request to /api/dashboard
[2026-06-11 23:41:08] [INFO] Received OPTIONS request to /api/system/audit
[2026-06-11 23:41:08] [INFO] Received OPTIONS request to /api/system/audit
[2026-06-11 23:41:08] [INFO] Received OPTIONS request to /api/dashboard
[2026-06-11 23:49:48] [INFO] Received OPTIONS request to /api/products
[2026-06-11 23:49:48] [INFO] Received OPTIONS request to /api/products
[2026-06-11 23:49:54] [INFO] Received OPTIONS request to /api/products
[2026-06-11 23:49:54] [INFO] Received OPTIONS request to /api/products
[2026-06-11 23:49:54] [INFO] Received OPTIONS request to /api/dashboard
[2026-06-11 23:49:54] [INFO] Received OPTIONS request to /api/system/audit
[2026-06-11 23:49:54] [INFO] Received OPTIONS request to /api/dashboard
[2026-06-11 23:49:54] [INFO] Received OPTIONS request to /api/system/audit
[2026-06-11 23:49:55] [INFO] Received OPTIONS request to /api/products
[2026-06-11 23:49:55] [INFO] Received OPTIONS request to /api/products
[2026-06-11 23:49:57] [INFO] Received OPTIONS request to /api/warehouses
[2026-06-11 23:49:57] [INFO] Received OPTIONS request to /api/warehouses
[2026-06-11 23:49:58] [INFO] Received OPTIONS request to /api/suppliers
[2026-06-11 23:49:58] [INFO] Received OPTIONS request to /api/suppliers
[2026-06-11 23:49:59] [INFO] Received OPTIONS request to /api/orders
[2026-06-11 23:49:59] [INFO] Received OPTIONS request to /api/orders
[2026-06-11 23:50:01] [INFO] Received OPTIONS request to /api/shipments
[2026-06-11 23:50:01] [INFO] Received OPTIONS request to /api/shipments
[2026-06-11 23:50:06] [INFO] Received OPTIONS request to /api/routes
[2026-06-11 23:50:06] [INFO] Received OPTIONS request to /api/routes
[2026-06-11 23:50:15] [INFO] Received OPTIONS request to /api/system/health
[2026-06-11 23:50:15] [INFO] Received OPTIONS request to /api/system/health
[2026-06-11 23:50:18] [INFO] Received OPTIONS request to /api/dashboard
[2026-06-11 23:50:18] [INFO] Received OPTIONS request to /api/system/audit
[2026-06-11 23:50:18] [INFO] Received OPTIONS request to /api/dashboard
[2026-06-11 23:50:18] [INFO] Received OPTIONS request to /api/system/audit
[2026-06-12 01:05:04] [INFO] Received OPTIONS request to /api/dashboard
[2026-06-12 01:05:04] [INFO] Received OPTIONS request to /api/system/audit
[2026-06-12 01:05:04] [INFO] Received OPTIONS request to /api/dashboard
[2026-06-12 01:05:04] [INFO] Received OPTIONS request to /api/system/audit
[2026-06-12 01:24:45] [INFO] Received OPTIONS request to /api/products
[2026-06-12 01:24:45] [INFO] Received OPTIONS request to /api/products
[2026-06-12 01:24:51] [INFO] Received OPTIONS request to /api/warehouses
[2026-06-12 01:24:51] [INFO] Received OPTIONS request to /api/warehouses
[2026-06-12 01:25:06] [INFO] Received OPTIONS request to /api/suppliers
[2026-06-12 01:25:06] [INFO] Received OPTIONS request to /api/suppliers
[2026-06-12 01:25:33] [INFO] Received OPTIONS request to /api/dashboard
[2026-06-12 01:25:33] [INFO] Received OPTIONS request to /api/system/audit
[2026-06-12 01:25:33] [INFO] Received OPTIONS request to /api/dashboard
[2026-06-12 01:25:33] [INFO] Received OPTIONS request to /api/system/audit
[2026-06-12 01:25:33] [INFO] Received OPTIONS request to /api/products
[2026-06-12 01:25:33] [INFO] Received OPTIONS request to /api/products
[2026-06-12 01:26:41] [INFO] [API] HTTP Server started on port 8081
[2026-06-12 01:26:41] [INFO] [API] Frontend can connect at http://localhost:8081/api
[2026-06-12 01:26:44] [INFO] Received OPTIONS request to /api/products
[2026-06-12 01:26:44] [INFO] Received OPTIONS request to /api/products
[2026-06-12 01:26:44] [INFO] Received GET request to /api/products
[2026-06-12 01:26:44] [INFO] Retrieved 6 products
[2026-06-12 01:26:44] [INFO] Received GET request to /api/products
[2026-06-12 01:26:44] [INFO] Retrieved 6 products
[2026-06-12 01:26:45] [INFO] Received OPTIONS request to /api/warehouses
[2026-06-12 01:26:45] [INFO] Received OPTIONS request to /api/warehouses
[2026-06-12 01:26:45] [INFO] Received GET request to /api/warehouses
[2026-06-12 01:26:45] [INFO] Received GET request to /api/warehouses
[2026-06-12 01:26:51] [INFO] Received OPTIONS request to /api/warehouses
[2026-06-12 01:26:51] [INFO] Received OPTIONS request to /api/warehouses
[2026-06-12 01:26:51] [INFO] Received GET request to /api/warehouses
[2026-06-12 01:26:51] [INFO] Received GET request to /api/warehouses
[2026-06-12 01:26:51] [INFO] Received GET request to /api/warehouses
[2026-06-12 01:26:51] [INFO] Received GET request to /api/warehouses
[2026-06-12 01:30:23] [INFO] Received OPTIONS request to /api/warehouses
[2026-06-12 01:30:23] [INFO] Received OPTIONS request to /api/warehouses
[2026-06-12 01:30:23] [INFO] Received GET request to /api/warehouses
[2026-06-12 01:30:23] [INFO] Received GET request to /api/warehouses
[2026-06-12 01:31:51] [INFO] Received OPTIONS request to /api/warehouses
[2026-06-12 01:31:51] [INFO] Received OPTIONS request to /api/warehouses
[2026-06-12 01:31:51] [INFO] Received GET request to /api/warehouses
[2026-06-12 01:31:51] [INFO] Received GET request to /api/warehouses
[2026-06-15 09:30:57] [INFO] [API] HTTP Server started on port 8081
[2026-06-15 09:30:57] [INFO] [API] Frontend can connect at http://localhost:8081/api
[2026-06-15 09:31:42] [INFO] Received OPTIONS request to /api/dashboard
[2026-06-15 09:31:42] [INFO] Received OPTIONS request to /api/system/audit
[2026-06-15 09:31:42] [INFO] Received OPTIONS request to /api/dashboard
[2026-06-15 09:31:42] [INFO] Received OPTIONS request to /api/system/audit
[2026-06-15 09:31:42] [INFO] Received GET request to /api/dashboard
[2026-06-15 09:31:42] [INFO] Dashboard data requested
[2026-06-15 09:31:42] [INFO] Received GET request to /api/dashboard
[2026-06-15 09:31:42] [INFO] Dashboard data requested
[2026-06-15 09:31:42] [INFO] Received GET request to /api/system/audit
[2026-06-15 09:31:42] [INFO] Received GET request to /api/system/audit
[2026-06-15 09:31:48] [INFO] Received OPTIONS request to /api/products
[2026-06-15 09:31:48] [INFO] Received OPTIONS request to /api/products
[2026-06-15 09:31:48] [INFO] Received GET request to /api/products
[2026-06-15 09:31:48] [INFO] Retrieved 6 products
[2026-06-15 09:31:48] [INFO] Received GET request to /api/products
[2026-06-15 09:31:48] [INFO] Retrieved 6 products
[2026-06-15 09:31:57] [INFO] Received OPTIONS request to /api/warehouses
[2026-06-15 09:31:57] [INFO] Received OPTIONS request to /api/warehouses
[2026-06-15 09:31:57] [INFO] Received GET request to /api/warehouses
[2026-06-15 09:31:57] [INFO] Received GET request to /api/warehouses
[2026-06-15 09:31:58] [INFO] Received OPTIONS request to /api/suppliers
[2026-06-15 09:31:58] [INFO] Received OPTIONS request to /api/suppliers
[2026-06-15 09:31:59] [INFO] Received GET request to /api/suppliers
[2026-06-15 09:31:59] [INFO] Received GET request to /api/suppliers
[2026-06-15 09:32:00] [INFO] Received OPTIONS request to /api/orders
[2026-06-15 09:32:00] [INFO] Received OPTIONS request to /api/orders
[2026-06-15 09:32:00] [INFO] Received GET request to /api/orders
[2026-06-15 09:32:00] [INFO] Received GET request to /api/orders
[2026-06-15 09:32:01] [INFO] Received OPTIONS request to /api/shipments
[2026-06-15 09:32:01] [INFO] Received OPTIONS request to /api/shipments
[2026-06-15 09:32:01] [INFO] Received GET request to /api/shipments
[2026-06-15 09:32:01] [INFO] Received GET request to /api/shipments
[2026-06-15 09:32:02] [INFO] Received OPTIONS request to /api/routes
[2026-06-15 09:32:02] [INFO] Received OPTIONS request to /api/routes
[2026-06-15 09:32:02] [INFO] Received GET request to /api/routes
[2026-06-15 09:32:02] [INFO] Received GET request to /api/routes
[2026-06-15 09:32:03] [INFO] Received OPTIONS request to /api/dashboard
[2026-06-15 09:32:03] [INFO] Received OPTIONS request to /api/system/audit
[2026-06-15 09:32:03] [INFO] Received OPTIONS request to /api/dashboard
[2026-06-15 09:32:03] [INFO] Received OPTIONS request to /api/system/audit
[2026-06-15 09:32:03] [INFO] Received GET request to /api/dashboard
[2026-06-15 09:32:03] [INFO] Dashboard data requested
[2026-06-15 09:32:03] [INFO] Received GET request to /api/system/audit
[2026-06-15 09:32:03] [INFO] Received GET request to /api/dashboard
[2026-06-15 09:32:03] [INFO] Dashboard data requested
[2026-06-15 09:32:03] [INFO] Received GET request to /api/system/audit
[2026-06-15 09:32:06] [INFO] Received OPTIONS request to /api/products
[2026-06-15 09:32:06] [INFO] Received OPTIONS request to /api/products
[2026-06-15 09:32:06] [INFO] Received GET request to /api/products
[2026-06-15 09:32:06] [INFO] Retrieved 6 products
[2026-06-15 09:32:06] [INFO] Received GET request to /api/products
[2026-06-15 09:32:06] [INFO] Retrieved 6 products
[2026-06-15 09:32:11] [INFO] Received OPTIONS request to /api/warehouses
[2026-06-15 09:32:11] [INFO] Received OPTIONS request to /api/warehouses
[2026-06-15 09:32:11] [INFO] Received GET request to /api/warehouses
[2026-06-15 09:32:11] [INFO] Received GET request to /api/warehouses
[2026-06-15 09:45:22] [INFO] Received OPTIONS request to /api/warehouses
[2026-06-15 09:45:22] [INFO] Received OPTIONS request to /api/warehouses
[2026-06-15 09:45:22] [INFO] Received GET request to /api/warehouses
[2026-06-15 09:45:22] [INFO] Received GET request to /api/warehouses
[2026-06-15 09:45:24] [INFO] Received OPTIONS request to /api/dashboard
[2026-06-15 09:45:24] [INFO] Received OPTIONS request to /api/dashboard
[2026-06-15 09:45:24] [INFO] Received GET request to /api/dashboard
[2026-06-15 09:45:24] [INFO] Dashboard data requested
[2026-06-15 09:45:24] [INFO] Received GET request to /api/dashboard
[2026-06-15 09:45:24] [INFO] Dashboard data requested
[2026-06-15 09:46:16] [INFO] Received OPTIONS request to /api/dashboard
[2026-06-15 09:46:16] [INFO] Received OPTIONS request to /api/dashboard
[2026-06-15 09:46:16] [INFO] Received GET request to /api/dashboard
[2026-06-15 09:46:16] [INFO] Dashboard data requested
[2026-06-15 09:46:16] [INFO] Received GET request to /api/dashboard
[2026-06-15 09:46:16] [INFO] Dashboard data requested
[2026-06-15 09:46:46] [INFO] Received OPTIONS request to /api/products
[2026-06-15 09:46:46] [INFO] Received OPTIONS request to /api/products
[2026-06-15 09:46:46] [INFO] Received GET request to /api/products
[2026-06-15 09:46:46] [INFO] Retrieved 6 products
[2026-06-15 09:46:46] [INFO] Received GET request to /api/products
[2026-06-15 09:46:46] [INFO] Retrieved 6 products
[2026-06-15 09:47:00] [INFO] Received OPTIONS request to /api/warehouses
[2026-06-15 09:47:00] [INFO] Received OPTIONS request to /api/warehouses
[2026-06-15 09:47:00] [INFO] Received GET request to /api/warehouses
[2026-06-15 09:47:00] [INFO] Received GET request to /api/warehouses
[2026-06-15 09:47:04] [INFO] Received OPTIONS request to /api/suppliers
[2026-06-15 09:47:04] [INFO] Received OPTIONS request to /api/suppliers
[2026-06-15 09:47:04] [INFO] Received GET request to /api/suppliers
[2026-06-15 09:47:04] [INFO] Received GET request to /api/suppliers
[2026-06-15 09:47:07] [INFO] Received OPTIONS request to /api/orders
[2026-06-15 09:47:07] [INFO] Received OPTIONS request to /api/orders
[2026-06-15 09:47:07] [INFO] Received GET request to /api/orders
[2026-06-15 09:47:07] [INFO] Received GET request to /api/orders
[2026-06-15 09:47:08] [INFO] Received OPTIONS request to /api/shipments
[2026-06-15 09:47:08] [INFO] Received OPTIONS request to /api/shipments
[2026-06-15 09:47:08] [INFO] Received GET request to /api/shipments
[2026-06-15 09:47:08] [INFO] Received GET request to /api/shipments
[2026-06-15 09:59:01] [INFO] [API] HTTP Server started on port 8081
[2026-06-15 09:59:01] [INFO] [API] Frontend can connect at http://localhost:8081/api
[2026-06-15 10:01:33] [INFO] Received OPTIONS request to /api/notifications
[2026-06-15 10:01:33] [INFO] Received OPTIONS request to /api/notifications
[2026-06-15 10:01:33] [INFO] Received OPTIONS request to /api/activity
[2026-06-15 10:01:33] [INFO] Received OPTIONS request to /api/activity
[2026-06-15 10:01:33] [INFO] Received OPTIONS request to /api/dashboard
[2026-06-15 10:01:33] [INFO] Received OPTIONS request to /api/dashboard
[2026-06-15 10:01:33] [INFO] Received GET request to /api/notifications
[2026-06-15 10:01:33] [INFO] Received OPTIONS request to /api/notifications
[2026-06-15 10:01:33] [INFO] Received GET request to /api/dashboard
[2026-06-15 10:01:33] [INFO] Dashboard data requested
[2026-06-15 10:01:33] [INFO] Received GET request to /api/activity
[2026-06-15 10:01:33] [INFO] Received GET request to /api/dashboard
[2026-06-15 10:01:33] [INFO] Dashboard data requested
[2026-06-15 10:01:33] [INFO] Received GET request to /api/notifications
[2026-06-15 10:01:33] [INFO] Received OPTIONS request to /api/notifications
[2026-06-15 10:01:33] [INFO] Received GET request to /api/activity
[2026-06-15 10:01:33] [INFO] Received GET request to /api/notifications
[2026-06-15 10:01:33] [INFO] Received GET request to /api/notifications
[2026-06-15 10:01:40] [INFO] Received OPTIONS request to /api/products
[2026-06-15 10:01:40] [INFO] Received OPTIONS request to /api/products
[2026-06-15 10:01:40] [INFO] Received GET request to /api/products
[2026-06-15 10:01:40] [INFO] Retrieved 6 products
[2026-06-15 10:01:40] [INFO] Received GET request to /api/products
[2026-06-15 10:01:40] [INFO] Retrieved 6 products
[2026-06-15 10:01:42] [INFO] Received OPTIONS request to /api/notifications
[2026-06-15 10:01:42] [INFO] Received OPTIONS request to /api/notifications
[2026-06-15 10:01:42] [INFO] Received OPTIONS request to /api/dashboard
[2026-06-15 10:01:42] [INFO] Received OPTIONS request to /api/notifications
[2026-06-15 10:01:42] [INFO] Received OPTIONS request to /api/activity
[2026-06-15 10:01:42] [INFO] Received OPTIONS request to /api/activity
[2026-06-15 10:01:42] [INFO] Received OPTIONS request to /api/notifications
[2026-06-15 10:01:42] [INFO] Received OPTIONS request to /api/dashboard
[2026-06-15 10:01:42] [INFO] Received GET request to /api/notifications
[2026-06-15 10:01:42] [INFO] Received GET request to /api/notifications
[2026-06-15 10:01:42] [INFO] Received GET request to /api/dashboard
[2026-06-15 10:01:42] [INFO] Dashboard data requested
[2026-06-15 10:01:42] [INFO] Received GET request to /api/activity
[2026-06-15 10:01:42] [INFO] Received GET request to /api/notifications
[2026-06-15 10:01:42] [INFO] Received GET request to /api/dashboard
[2026-06-15 10:01:42] [INFO] Dashboard data requested
[2026-06-15 10:01:42] [INFO] Received GET request to /api/activity
[2026-06-15 10:01:42] [INFO] Received GET request to /api/notifications
[2026-06-15 10:02:01] [INFO] Received OPTIONS request to /api/auth/register
[2026-06-15 10:02:01] [INFO] Received POST request to /api/auth/register
[2026-06-15 10:02:09] [INFO] Received OPTIONS request to /api/auth/login
[2026-06-15 10:02:09] [INFO] Received POST request to /api/auth/login
[2026-06-15 10:02:09] [INFO] Received OPTIONS request to /api/notifications
[2026-06-15 10:02:09] [INFO] Received OPTIONS request to /api/activity
[2026-06-15 10:02:09] [INFO] Received OPTIONS request to /api/dashboard
[2026-06-15 10:02:09] [INFO] Received OPTIONS request to /api/notifications
[2026-06-15 10:02:09] [INFO] Received OPTIONS request to /api/stats/logistics
[2026-06-15 10:02:09] [INFO] Received OPTIONS request to /api/dashboard
[2026-06-15 10:02:09] [INFO] Received OPTIONS request to /api/activity
[2026-06-15 10:02:09] [INFO] Received OPTIONS request to /api/stats/logistics
[2026-06-15 10:02:09] [INFO] Received GET request to /api/notifications
[2026-06-15 10:02:09] [INFO] Received GET request to /api/activity
[2026-06-15 10:02:09] [INFO] Received GET request to /api/dashboard
[2026-06-15 10:02:09] [INFO] Dashboard data requested
[2026-06-15 10:02:09] [INFO] Received GET request to /api/activity
[2026-06-15 10:02:09] [INFO] Received GET request to /api/dashboard
[2026-06-15 10:02:09] [INFO] Dashboard data requested
[2026-06-15 10:02:09] [INFO] Received GET request to /api/stats/logistics
[2026-06-15 10:02:09] [INFO] Received GET request to /api/notifications
[2026-06-15 10:02:09] [INFO] Received GET request to /api/stats/logistics
[2026-06-15 10:02:14] [INFO] Received OPTIONS request to /api/shipments
[2026-06-15 10:02:14] [INFO] Received OPTIONS request to /api/shipments
[2026-06-15 10:02:14] [INFO] Received GET request to /api/shipments
[2026-06-15 10:02:14] [INFO] Received GET request to /api/shipments
[2026-06-15 10:02:15] [INFO] Received OPTIONS request to /api/routes
[2026-06-15 10:02:15] [INFO] Received OPTIONS request to /api/routes
[2026-06-15 10:02:15] [INFO] Received GET request to /api/routes
[2026-06-15 10:02:15] [INFO] Received GET request to /api/routes
[2026-06-15 10:02:21] [INFO] Received OPTIONS request to /api/notifications
[2026-06-15 10:02:21] [INFO] Received OPTIONS request to /api/activity
[2026-06-15 10:02:21] [INFO] Received OPTIONS request to /api/stats/logistics
[2026-06-15 10:02:21] [INFO] Received OPTIONS request to /api/dashboard
[2026-06-15 10:02:21] [INFO] Received OPTIONS request to /api/activity
[2026-06-15 10:02:21] [INFO] Received OPTIONS request to /api/notifications
[2026-06-15 10:02:21] [INFO] Received OPTIONS request to /api/dashboard
[2026-06-15 10:02:21] [INFO] Received OPTIONS request to /api/stats/logistics
[2026-06-15 10:02:21] [INFO] Received GET request to /api/notifications
[2026-06-15 10:02:21] [INFO] Received GET request to /api/activity
[2026-06-15 10:02:21] [INFO] Received GET request to /api/stats/logistics
[2026-06-15 10:02:21] [INFO] Received GET request to /api/dashboard
[2026-06-15 10:02:21] [INFO] Dashboard data requested
[2026-06-15 10:02:21] [INFO] Received GET request to /api/activity
[2026-06-15 10:02:21] [INFO] Received GET request to /api/notifications
[2026-06-15 10:02:21] [INFO] Received GET request to /api/dashboard
[2026-06-15 10:02:21] [INFO] Dashboard data requested
[2026-06-15 10:02:21] [INFO] Received GET request to /api/stats/logistics
[2026-06-15 10:02:51] [INFO] Received OPTIONS request to /api/notifications
[2026-06-15 10:02:51] [INFO] Received OPTIONS request to /api/activity
[2026-06-15 10:02:51] [INFO] Received GET request to /api/notifications
[2026-06-15 10:02:51] [INFO] Received GET request to /api/activity
[2026-06-15 10:03:21] [INFO] Received OPTIONS request to /api/notifications
[2026-06-15 10:03:21] [INFO] Received OPTIONS request to /api/activity
[2026-06-15 10:03:21] [INFO] Received GET request to /api/notifications
[2026-06-15 10:03:21] [INFO] Received GET request to /api/activity
[2026-06-15 10:04:14] [INFO] [API] HTTP Server started on port 8081
[2026-06-15 10:04:14] [INFO] [API] Frontend can connect at http://localhost:8081/api
[2026-06-15 10:04:21] [INFO] Received OPTIONS request to /api/notifications
[2026-06-15 10:04:21] [INFO] Received OPTIONS request to /api/activity
[2026-06-15 10:04:21] [INFO] Received GET request to /api/notifications
[2026-06-15 10:04:21] [INFO] Received GET request to /api/activity
[2026-06-15 10:04:52] [INFO] Received OPTIONS request to /api/notifications
[2026-06-15 10:04:52] [INFO] Received OPTIONS request to /api/activity
[2026-06-15 10:04:52] [INFO] Received GET request to /api/notifications
[2026-06-15 10:04:52] [INFO] Received GET request to /api/activity
[2026-06-15 10:05:22] [INFO] Received OPTIONS request to /api/notifications
[2026-06-15 10:05:22] [INFO] Received OPTIONS request to /api/activity
[2026-06-15 10:05:22] [INFO] Received GET request to /api/notifications
[2026-06-15 10:05:22] [INFO] Received GET request to /api/activity
[2026-06-15 10:06:04] [INFO] Received OPTIONS request to /api/notifications
[2026-06-15 10:06:04] [INFO] Received OPTIONS request to /api/activity
[2026-06-15 10:06:04] [INFO] Received GET request to /api/notifications
[2026-06-15 10:06:04] [INFO] Received GET request to /api/activity
[2026-06-15 10:07:04] [INFO] Received OPTIONS request to /api/notifications
[2026-06-15 10:07:04] [INFO] Received OPTIONS request to /api/activity
[2026-06-15 10:07:04] [INFO] Received GET request to /api/notifications
[2026-06-15 10:07:04] [INFO] Received GET request to /api/activity
[2026-06-15 10:08:04] [INFO] Received OPTIONS request to /api/notifications
[2026-06-15 10:08:04] [INFO] Received OPTIONS request to /api/activity
[2026-06-15 10:08:04] [INFO] Received GET request to /api/notifications
[2026-06-15 10:08:04] [INFO] Received GET request to /api/activity
[2026-06-15 10:08:47] [INFO] Received OPTIONS request to /api/notifications
[2026-06-15 10:08:47] [INFO] Received OPTIONS request to /api/activity
[2026-06-15 10:08:47] [INFO] Received GET request to /api/notifications
[2026-06-15 10:08:47] [INFO] Received GET request to /api/activity
[2026-06-15 10:08:49] [INFO] Received GET request to /api/notifications
[2026-06-15 10:08:49] [INFO] Received GET request to /api/activity
[2026-06-15 10:08:49] [INFO] Received OPTIONS request to /api/dashboard
[2026-06-15 10:08:49] [INFO] Received OPTIONS request to /api/stats/logistics
[2026-06-15 10:08:49] [INFO] Received GET request to /api/notifications
[2026-06-15 10:08:49] [INFO] Received GET request to /api/activity
[2026-06-15 10:08:49] [INFO] Received OPTIONS request to /api/dashboard
[2026-06-15 10:08:49] [INFO] Received OPTIONS request to /api/stats/logistics
[2026-06-15 10:08:49] [INFO] Received GET request to /api/dashboard
[2026-06-15 10:08:49] [INFO] Dashboard data requested
[2026-06-15 10:08:49] [INFO] Received GET request to /api/stats/logistics
[2026-06-15 10:08:49] [INFO] Received GET request to /api/dashboard
[2026-06-15 10:08:49] [INFO] Dashboard data requested
[2026-06-15 10:08:49] [INFO] Received GET request to /api/stats/logistics
[2026-06-15 10:09:18] [INFO] Received OPTIONS request to /api/shipments
[2026-06-15 10:09:18] [INFO] Received OPTIONS request to /api/shipments
[2026-06-15 10:09:18] [INFO] Received GET request to /api/shipments
[2026-06-15 10:09:18] [INFO] Received GET request to /api/shipments
[2026-06-15 10:09:20] [INFO] Received OPTIONS request to /api/notifications
[2026-06-15 10:09:20] [INFO] Received OPTIONS request to /api/activity
[2026-06-15 10:09:20] [INFO] Received OPTIONS request to /api/dashboard
[2026-06-15 10:09:20] [INFO] Received OPTIONS request to /api/stats/logistics
[2026-06-15 10:09:20] [INFO] Received OPTIONS request to /api/notifications
[2026-06-15 10:09:20] [INFO] Received OPTIONS request to /api/activity
[2026-06-15 10:09:20] [INFO] Received OPTIONS request to /api/dashboard
[2026-06-15 10:09:20] [INFO] Received OPTIONS request to /api/stats/logistics
[2026-06-15 10:09:20] [INFO] Received GET request to /api/notifications
[2026-06-15 10:09:20] [INFO] Received GET request to /api/activity
[2026-06-15 10:09:20] [INFO] Received GET request to /api/dashboard
[2026-06-15 10:09:20] [INFO] Dashboard data requested
[2026-06-15 10:09:20] [INFO] Received GET request to /api/notifications
[2026-06-15 10:09:20] [INFO] Received GET request to /api/stats/logistics
[2026-06-15 10:09:20] [INFO] Received GET request to /api/dashboard
[2026-06-15 10:09:20] [INFO] Dashboard data requested
[2026-06-15 10:09:20] [INFO] Received GET request to /api/activity
[2026-06-15 10:09:20] [INFO] Received GET request to /api/stats/logistics
[2026-06-15 10:09:50] [INFO] Received OPTIONS request to /api/notifications
[2026-06-15 10:09:50] [INFO] Received OPTIONS request to /api/activity
[2026-06-15 10:09:50] [INFO] Received GET request to /api/notifications
[2026-06-15 10:09:50] [INFO] Received GET request to /api/activity
[2026-06-15 10:10:20] [INFO] Received OPTIONS request to /api/notifications
[2026-06-15 10:10:20] [INFO] Received OPTIONS request to /api/activity
[2026-06-15 10:10:20] [INFO] Received GET request to /api/notifications
[2026-06-15 10:10:20] [INFO] Received GET request to /api/activity
[2026-06-15 10:10:50] [INFO] Received OPTIONS request to /api/notifications
[2026-06-15 10:10:50] [INFO] Received OPTIONS request to /api/activity
[2026-06-15 10:10:50] [INFO] Received GET request to /api/notifications
[2026-06-15 10:10:50] [INFO] Received GET request to /api/activity
[2026-06-15 10:11:20] [INFO] Received OPTIONS request to /api/notifications
[2026-06-15 10:11:20] [INFO] Received OPTIONS request to /api/activity
[2026-06-15 10:11:20] [INFO] Received GET request to /api/notifications
[2026-06-15 10:11:20] [INFO] Received GET request to /api/activity
[2026-06-15 10:11:50] [INFO] Received OPTIONS request to /api/notifications
[2026-06-15 10:11:50] [INFO] Received OPTIONS request to /api/activity
[2026-06-15 10:11:50] [INFO] Received GET request to /api/notifications
[2026-06-15 10:11:50] [INFO] Received GET request to /api/activity
[2026-06-15 10:12:20] [INFO] Received OPTIONS request to /api/notifications
[2026-06-15 10:12:20] [INFO] Received OPTIONS request to /api/activity
[2026-06-15 10:12:20] [INFO] Received GET request to /api/notifications
[2026-06-15 10:12:20] [INFO] Received GET request to /api/activity
[2026-06-15 10:13:04] [INFO] Received OPTIONS request to /api/notifications
[2026-06-15 10:13:04] [INFO] Received OPTIONS request to /api/activity
[2026-06-15 10:13:04] [INFO] Received GET request to /api/notifications
[2026-06-15 10:13:04] [INFO] Received GET request to /api/activity
[2026-06-15 10:14:04] [INFO] Received OPTIONS request to /api/notifications
[2026-06-15 10:14:04] [INFO] Received OPTIONS request to /api/activity
[2026-06-15 10:14:04] [INFO] Received GET request to /api/notifications
[2026-06-15 10:14:04] [INFO] Received GET request to /api/activity
[2026-06-15 10:15:04] [INFO] Received OPTIONS request to /api/notifications
[2026-06-15 10:15:04] [INFO] Received OPTIONS request to /api/activity
[2026-06-15 10:15:04] [INFO] Received GET request to /api/notifications
[2026-06-15 10:15:04] [INFO] Received GET request to /api/activity
[2026-06-15 10:15:20] [INFO] Received OPTIONS request to /api/notifications
[2026-06-15 10:15:20] [INFO] Received OPTIONS request to /api/activity
[2026-06-15 10:15:20] [INFO] Received GET request to /api/notifications
[2026-06-15 10:15:20] [INFO] Received GET request to /api/activity
[2026-06-15 10:15:22] [INFO] Received GET request to /api/notifications
[2026-06-15 10:15:22] [INFO] Received GET request to /api/activity
[2026-06-15 10:15:22] [INFO] Received OPTIONS request to /api/dashboard
[2026-06-15 10:15:22] [INFO] Received OPTIONS request to /api/stats/logistics
[2026-06-15 10:15:22] [INFO] Received GET request to /api/notifications
[2026-06-15 10:15:22] [INFO] Received GET request to /api/activity
[2026-06-15 10:15:22] [INFO] Received OPTIONS request to /api/dashboard
[2026-06-15 10:15:22] [INFO] Received OPTIONS request to /api/stats/logistics
[2026-06-15 10:15:22] [INFO] Received GET request to /api/dashboard
[2026-06-15 10:15:22] [INFO] Dashboard data requested
[2026-06-15 10:15:22] [INFO] Received GET request to /api/stats/logistics
[2026-06-15 10:15:22] [INFO] Received GET request to /api/dashboard
[2026-06-15 10:15:22] [INFO] Dashboard data requested
[2026-06-15 10:15:22] [INFO] Received GET request to /api/stats/logistics
[2026-06-15 10:15:41] [INFO] Received OPTIONS request to /api/auth/register
[2026-06-15 10:15:41] [INFO] Received POST request to /api/auth/register
[2026-06-15 10:15:50] [INFO] Received OPTIONS request to /api/auth/login
[2026-06-15 10:15:50] [INFO] Received POST request to /api/auth/login
[2026-06-15 10:15:50] [INFO] Received OPTIONS request to /api/notifications
[2026-06-15 10:15:50] [INFO] Received OPTIONS request to /api/notifications
[2026-06-15 10:15:50] [INFO] Received OPTIONS request to /api/notifications
[2026-06-15 10:15:50] [INFO] Received OPTIONS request to /api/notifications
[2026-06-15 10:15:50] [INFO] Received OPTIONS request to /api/activity
[2026-06-15 10:15:50] [INFO] Received OPTIONS request to /api/activity
[2026-06-15 10:15:50] [INFO] Received GET request to /api/notifications
[2026-06-15 10:15:50] [INFO] Received GET request to /api/notifications
[2026-06-15 10:15:50] [INFO] Received GET request to /api/notifications
[2026-06-15 10:15:50] [INFO] Received GET request to /api/activity
[2026-06-15 10:15:50] [INFO] Received GET request to /api/notifications
[2026-06-15 10:15:50] [INFO] Received GET request to /api/activity
[2026-06-15 10:15:54] [INFO] Received OPTIONS request to /api/orders
[2026-06-15 10:15:54] [INFO] Received OPTIONS request to /api/orders
[2026-06-15 10:15:54] [INFO] Received GET request to /api/orders
[2026-06-15 10:15:54] [INFO] Received GET request to /api/orders
[2026-06-15 10:15:57] [INFO] Received OPTIONS request to /api/suppliers
[2026-06-15 10:15:57] [INFO] Received OPTIONS request to /api/suppliers
[2026-06-15 10:15:57] [INFO] Received GET request to /api/suppliers
[2026-06-15 10:15:57] [INFO] Received GET request to /api/suppliers
[2026-06-15 10:16:02] [INFO] Received OPTIONS request to /api/orders
[2026-06-15 10:16:02] [INFO] Received OPTIONS request to /api/orders
[2026-06-15 10:16:02] [INFO] Received GET request to /api/orders
[2026-06-15 10:16:02] [INFO] Received GET request to /api/orders
[2026-06-15 10:16:04] [INFO] Received OPTIONS request to /api/suppliers
[2026-06-15 10:16:04] [INFO] Received OPTIONS request to /api/suppliers
[2026-06-15 10:16:04] [INFO] Received GET request to /api/suppliers
[2026-06-15 10:16:04] [INFO] Received GET request to /api/suppliers
[2026-06-15 10:16:12] [INFO] Received OPTIONS request to /api/orders
[2026-06-15 10:16:12] [INFO] Received OPTIONS request to /api/orders
[2026-06-15 10:16:12] [INFO] Received GET request to /api/orders
[2026-06-15 10:16:12] [INFO] Received GET request to /api/orders
[2026-06-15 10:16:13] [INFO] Received OPTIONS request to /api/suppliers
[2026-06-15 10:16:13] [INFO] Received OPTIONS request to /api/suppliers
[2026-06-15 10:16:13] [INFO] Received GET request to /api/suppliers
[2026-06-15 10:16:13] [INFO] Received GET request to /api/suppliers
[2026-06-15 10:16:13] [INFO] Received GET request to /api/orders
[2026-06-15 10:16:13] [INFO] Received GET request to /api/orders
[2026-06-15 10:16:14] [INFO] Received OPTIONS request to /api/notifications
[2026-06-15 10:16:14] [INFO] Received OPTIONS request to /api/notifications
[2026-06-15 10:16:14] [INFO] Received OPTIONS request to /api/notifications
[2026-06-15 10:16:14] [INFO] Received OPTIONS request to /api/activity
[2026-06-15 10:16:14] [INFO] Received OPTIONS request to /api/notifications
[2026-06-15 10:16:14] [INFO] Received OPTIONS request to /api/activity
[2026-06-15 10:16:14] [INFO] Received GET request to /api/notifications
[2026-06-15 10:16:14] [INFO] Received GET request to /api/notifications
[2026-06-15 10:16:14] [INFO] Received GET request to /api/notifications
[2026-06-15 10:16:14] [INFO] Received GET request to /api/activity
[2026-06-15 10:16:14] [INFO] Received GET request to /api/notifications
[2026-06-15 10:16:14] [INFO] Received GET request to /api/activity
[2026-06-15 10:16:41] [INFO] Received OPTIONS request to /api/orders
[2026-06-15 10:16:41] [INFO] Received OPTIONS request to /api/orders
[2026-06-15 10:16:41] [INFO] Received GET request to /api/orders
[2026-06-15 10:16:41] [INFO] Received GET request to /api/orders
[2026-06-15 10:18:59] [INFO] [API] HTTP Server started on port 8081
[2026-06-15 10:18:59] [INFO] [API] Frontend can connect at http://localhost:8081/api
[2026-06-15 10:19:02] [INFO] Received OPTIONS request to /api/orders
[2026-06-15 10:19:02] [INFO] Received OPTIONS request to /api/orders
[2026-06-15 10:19:02] [INFO] Received GET request to /api/orders
[2026-06-15 10:19:02] [INFO] Received GET request to /api/orders
[2026-06-15 10:19:06] [INFO] Received OPTIONS request to /api/suppliers
[2026-06-15 10:19:06] [INFO] Received OPTIONS request to /api/suppliers
[2026-06-15 10:19:06] [INFO] Received GET request to /api/suppliers
[2026-06-15 10:19:06] [INFO] Received GET request to /api/suppliers
[2026-06-15 10:19:07] [INFO] Received OPTIONS request to /api/orders
[2026-06-15 10:19:07] [INFO] Received OPTIONS request to /api/orders
[2026-06-15 10:19:07] [INFO] Received GET request to /api/orders
[2026-06-15 10:19:07] [INFO] Received GET request to /api/orders
[2026-06-15 10:41:33] [INFO] [API] HTTP Server started on port 8081
[2026-06-15 10:41:33] [INFO] [API] Frontend can connect at http://localhost:8081/api
[2026-06-15 11:42:29] [INFO] Received OPTIONS request to /api/notifications
[2026-06-15 11:42:30] [INFO] Received OPTIONS request to /api/activity
[2026-06-15 11:42:30] [INFO] Received OPTIONS request to /api/notifications
[2026-06-15 11:42:30] [INFO] Received GET request to /api/notifications
[2026-06-15 11:42:30] [INFO] Received OPTIONS request to /api/activity
[2026-06-15 11:42:30] [INFO] Received GET request to /api/activity
[2026-06-15 11:42:30] [INFO] Received GET request to /api/notifications
[2026-06-15 11:42:30] [INFO] Received GET request to /api/activity
[2026-06-15 11:42:30] [INFO] Received GET request to /api/notifications
[2026-06-15 11:42:30] [INFO] Received GET request to /api/activity
[2026-06-15 11:42:30] [INFO] Received GET request to /api/notifications
[2026-06-15 11:42:30] [INFO] Received GET request to /api/activity
[2026-06-15 11:42:49] [INFO] Received OPTIONS request to /api/suppliers
[2026-06-15 11:42:49] [INFO] Received OPTIONS request to /api/suppliers
[2026-06-15 11:42:49] [INFO] Received GET request to /api/suppliers
[2026-06-15 11:42:50] [INFO] Received GET request to /api/suppliers
[2026-06-15 11:42:50] [INFO] Received GET request to /api/suppliers
[2026-06-15 11:42:50] [INFO] Received GET request to /api/suppliers
[2026-06-15 11:42:55] [INFO] Received OPTIONS request to /api/orders
[2026-06-15 11:42:55] [INFO] Received OPTIONS request to /api/orders
[2026-06-15 11:42:55] [INFO] Received GET request to /api/orders
[2026-06-15 11:42:55] [INFO] Received GET request to /api/orders
[2026-06-15 11:42:55] [INFO] Received GET request to /api/orders
[2026-06-15 11:42:55] [INFO] Received GET request to /api/orders
[2026-06-15 11:44:36] [INFO] Received OPTIONS request to /api/notifications
[2026-06-15 11:44:36] [INFO] Received OPTIONS request to /api/activity
[2026-06-15 11:44:36] [INFO] Received OPTIONS request to /api/notifications
[2026-06-15 11:44:36] [INFO] Received OPTIONS request to /api/activity
[2026-06-15 11:44:36] [INFO] Received GET request to /api/notifications
[2026-06-15 11:44:36] [INFO] Received GET request to /api/activity
[2026-06-15 11:44:36] [INFO] Received GET request to /api/notifications
[2026-06-15 11:44:36] [INFO] Received GET request to /api/activity
[2026-06-15 11:44:37] [INFO] Received GET request to /api/notifications
[2026-06-15 11:44:37] [INFO] Received GET request to /api/activity
[2026-06-15 11:44:37] [INFO] Received GET request to /api/notifications
[2026-06-15 11:44:37] [INFO] Received GET request to /api/activity
[2026-06-15 11:44:41] [INFO] Received OPTIONS request to /api/suppliers
[2026-06-15 11:44:41] [INFO] Received OPTIONS request to /api/suppliers
[2026-06-15 11:44:41] [INFO] Received GET request to /api/suppliers
[2026-06-15 11:44:41] [INFO] Received GET request to /api/suppliers
[2026-06-15 11:44:41] [INFO] Received GET request to /api/suppliers
[2026-06-15 11:44:41] [INFO] Received GET request to /api/suppliers
[2026-06-15 11:44:42] [INFO] Received OPTIONS request to /api/notifications
[2026-06-15 11:44:42] [INFO] Received OPTIONS request to /api/activity
[2026-06-15 11:44:42] [INFO] Received OPTIONS request to /api/notifications
[2026-06-15 11:44:42] [INFO] Received OPTIONS request to /api/activity
[2026-06-15 11:44:42] [INFO] Received GET request to /api/notifications
[2026-06-15 11:44:42] [INFO] Received GET request to /api/activity
[2026-06-15 11:44:42] [INFO] Received GET request to /api/notifications
[2026-06-15 11:44:42] [INFO] Received GET request to /api/activity
[2026-06-15 11:44:42] [INFO] Received GET request to /api/notifications
[2026-06-15 11:44:42] [INFO] Received GET request to /api/activity
[2026-06-15 11:44:42] [INFO] Received GET request to /api/notifications
[2026-06-15 11:44:42] [INFO] Received GET request to /api/activity
[2026-06-15 11:45:13] [INFO] Received OPTIONS request to /api/notifications
[2026-06-15 11:45:13] [INFO] Received OPTIONS request to /api/activity
[2026-06-15 11:45:13] [INFO] Received GET request to /api/notifications
[2026-06-15 11:45:13] [INFO] Received GET request to /api/activity
[2026-06-15 11:45:43] [INFO] Received OPTIONS request to /api/notifications
[2026-06-15 11:45:43] [INFO] Received OPTIONS request to /api/activity
[2026-06-15 11:45:43] [INFO] Received GET request to /api/notifications
[2026-06-15 11:45:43] [INFO] Received GET request to /api/activity
[2026-06-15 11:46:13] [INFO] Received OPTIONS request to /api/notifications
[2026-06-15 11:46:13] [INFO] Received OPTIONS request to /api/activity
[2026-06-15 11:46:13] [INFO] Received GET request to /api/notifications
[2026-06-15 11:46:13] [INFO] Received GET request to /api/activity
[2026-06-15 11:46:43] [INFO] Received OPTIONS request to /api/notifications
[2026-06-15 11:46:43] [INFO] Received OPTIONS request to /api/activity
[2026-06-15 11:46:43] [INFO] Received GET request to /api/notifications
[2026-06-15 11:46:43] [INFO] Received GET request to /api/activity
[2026-06-15 11:47:13] [INFO] Received OPTIONS request to /api/notifications
[2026-06-15 11:47:13] [INFO] Received OPTIONS request to /api/activity
[2026-06-15 11:47:13] [INFO] Received GET request to /api/notifications
[2026-06-15 11:47:13] [INFO] Received GET request to /api/activity
[2026-06-15 11:47:31] [INFO] Received OPTIONS request to /api/notifications
[2026-06-15 11:47:31] [INFO] Received OPTIONS request to /api/activity
[2026-06-15 11:47:31] [INFO] Received OPTIONS request to /api/notifications
[2026-06-15 11:47:31] [INFO] Received OPTIONS request to /api/activity
[2026-06-15 11:47:31] [INFO] Received GET request to /api/notifications
[2026-06-15 11:47:31] [INFO] Received GET request to /api/activity
[2026-06-15 11:47:31] [INFO] Received GET request to /api/notifications
[2026-06-15 11:47:31] [INFO] Received GET request to /api/activity
[2026-06-15 11:48:02] [INFO] Received OPTIONS request to /api/notifications
[2026-06-15 11:48:02] [INFO] Received OPTIONS request to /api/activity
[2026-06-15 11:48:02] [INFO] Received GET request to /api/notifications
[2026-06-15 11:48:02] [INFO] Received GET request to /api/activity
[2026-06-15 11:48:32] [INFO] Received OPTIONS request to /api/notifications
[2026-06-15 11:48:32] [INFO] Received OPTIONS request to /api/activity
[2026-06-15 11:48:32] [INFO] Received GET request to /api/notifications
[2026-06-15 11:48:32] [INFO] Received GET request to /api/activity
[2026-06-15 11:49:02] [INFO] Received OPTIONS request to /api/notifications
[2026-06-15 11:49:02] [INFO] Received OPTIONS request to /api/activity
[2026-06-15 11:49:02] [INFO] Received GET request to /api/notifications
[2026-06-15 11:49:02] [INFO] Received GET request to /api/activity
[2026-06-15 11:49:32] [INFO] Received OPTIONS request to /api/notifications
[2026-06-15 11:49:32] [INFO] Received OPTIONS request to /api/activity
[2026-06-15 11:49:32] [INFO] Received GET request to /api/notifications
[2026-06-15 11:49:32] [INFO] Received GET request to /api/activity
[2026-06-15 11:50:02] [INFO] Received OPTIONS request to /api/notifications
[2026-06-15 11:50:02] [INFO] Received OPTIONS request to /api/activity
[2026-06-15 11:50:02] [INFO] Received GET request to /api/notifications
[2026-06-15 11:50:02] [INFO] Received GET request to /api/activity
[2026-06-15 11:50:32] [INFO] Received OPTIONS request to /api/notifications
[2026-06-15 11:50:32] [INFO] Received OPTIONS request to /api/activity
[2026-06-15 11:50:32] [INFO] Received GET request to /api/notifications
[2026-06-15 11:50:32] [INFO] Received GET request to /api/activity
[2026-06-15 11:51:04] [INFO] Received OPTIONS request to /api/notifications
[2026-06-15 11:51:04] [INFO] Received OPTIONS request to /api/activity
[2026-06-15 11:51:04] [INFO] Received GET request to /api/notifications
[2026-06-15 11:51:04] [INFO] Received GET request to /api/activity
[2026-06-15 11:51:28] [INFO] Received OPTIONS request to /api/auth/login
[2026-06-15 11:51:28] [INFO] Received POST request to /api/auth/login
[2026-06-15 11:51:28] [INFO] Received OPTIONS request to /api/activity
[2026-06-15 11:51:28] [INFO] Received OPTIONS request to /api/dashboard
[2026-06-15 11:51:28] [INFO] Received OPTIONS request to /api/stats/logistics
[2026-06-15 11:51:28] [INFO] Received OPTIONS request to /api/activity
[2026-06-15 11:51:28] [INFO] Received OPTIONS request to /api/dashboard
[2026-06-15 11:51:28] [INFO] Received OPTIONS request to /api/stats/logistics
[2026-06-15 11:51:28] [INFO] Received GET request to /api/activity
[2026-06-15 11:51:28] [INFO] Received GET request to /api/dashboard
[2026-06-15 11:51:28] [INFO] Dashboard data requested
[2026-06-15 11:51:28] [INFO] Received GET request to /api/stats/logistics
[2026-06-15 11:51:28] [INFO] Received GET request to /api/activity
[2026-06-15 11:51:28] [INFO] Received GET request to /api/dashboard
[2026-06-15 11:51:28] [INFO] Dashboard data requested
[2026-06-15 11:51:28] [INFO] Received GET request to /api/stats/logistics
[2026-06-15 11:51:33] [INFO] Received OPTIONS request to /api/shipments
[2026-06-15 11:51:33] [INFO] Received OPTIONS request to /api/shipments
[2026-06-15 11:51:33] [INFO] Received GET request to /api/shipments
[2026-06-15 11:51:33] [INFO] Received GET request to /api/shipments
[2026-06-15 11:51:33] [INFO] Received GET request to /api/shipments
[2026-06-15 11:51:33] [INFO] Received GET request to /api/shipments
[2026-06-15 11:51:35] [INFO] Received OPTIONS request to /api/routes
[2026-06-15 11:51:35] [INFO] Received OPTIONS request to /api/routes
[2026-06-15 11:51:35] [INFO] Received GET request to /api/routes
[2026-06-15 11:51:35] [INFO] Received GET request to /api/routes
[2026-06-15 11:51:35] [INFO] Received GET request to /api/routes
[2026-06-15 11:51:35] [INFO] Received GET request to /api/routes
[2026-06-15 11:51:43] [INFO] Received OPTIONS request to /api/routes
[2026-06-15 11:51:43] [INFO] Received OPTIONS request to /api/routes
[2026-06-15 11:51:43] [INFO] Received GET request to /api/routes
[2026-06-15 11:51:43] [INFO] Received GET request to /api/routes
[2026-06-15 11:51:43] [INFO] Received GET request to /api/routes
[2026-06-15 11:51:43] [INFO] Received GET request to /api/routes
[2026-06-15 11:51:46] [INFO] Received OPTIONS request to /api/shipments
[2026-06-15 11:51:46] [INFO] Received OPTIONS request to /api/shipments
[2026-06-15 11:51:46] [INFO] Received GET request to /api/shipments
[2026-06-15 11:51:46] [INFO] Received GET request to /api/shipments
[2026-06-15 11:51:46] [INFO] Received GET request to /api/shipments
[2026-06-15 11:51:46] [INFO] Received GET request to /api/shipments
[2026-06-15 11:51:47] [INFO] Received OPTIONS request to /api/activity
[2026-06-15 11:51:47] [INFO] Received OPTIONS request to /api/dashboard
[2026-06-15 11:51:47] [INFO] Received OPTIONS request to /api/stats/logistics
[2026-06-15 11:51:47] [INFO] Received OPTIONS request to /api/activity
[2026-06-15 11:51:47] [INFO] Received OPTIONS request to /api/stats/logistics
[2026-06-15 11:51:47] [INFO] Received OPTIONS request to /api/dashboard
[2026-06-15 11:51:47] [INFO] Received GET request to /api/activity
[2026-06-15 11:51:47] [INFO] Received GET request to /api/dashboard
[2026-06-15 11:51:47] [INFO] Dashboard data requested
[2026-06-15 11:51:47] [INFO] Received GET request to /api/stats/logistics
[2026-06-15 11:51:47] [INFO] Received GET request to /api/activity
[2026-06-15 11:51:47] [INFO] Received GET request to /api/stats/logistics
[2026-06-15 11:51:47] [INFO] Received GET request to /api/dashboard
[2026-06-15 11:51:47] [INFO] Dashboard data requested
[2026-06-15 11:51:47] [INFO] Received GET request to /api/activity
[2026-06-15 11:51:47] [INFO] Received GET request to /api/dashboard
[2026-06-15 11:51:47] [INFO] Dashboard data requested
[2026-06-15 11:51:47] [INFO] Received GET request to /api/activity
[2026-06-15 11:51:47] [INFO] Received GET request to /api/dashboard
[2026-06-15 11:51:47] [INFO] Dashboard data requested
[2026-06-15 11:51:47] [INFO] Received GET request to /api/stats/logistics
[2026-06-15 11:51:47] [INFO] Received GET request to /api/stats/logistics
[2026-06-15 11:52:17] [INFO] Received OPTIONS request to /api/activity
[2026-06-15 11:52:17] [INFO] Received GET request to /api/activity
[2026-06-15 11:52:47] [INFO] Received OPTIONS request to /api/activity
[2026-06-15 11:52:47] [INFO] Received GET request to /api/activity
[2026-06-15 11:53:17] [INFO] Received OPTIONS request to /api/activity
[2026-06-15 11:53:17] [INFO] Received GET request to /api/activity
[2026-06-15 11:53:47] [INFO] Received OPTIONS request to /api/activity
[2026-06-15 11:53:47] [INFO] Received GET request to /api/activity
[2026-06-15 11:54:03] [INFO] [API] HTTP Server started on port 8081
[2026-06-15 11:54:03] [INFO] [API] Frontend can connect at http://localhost:8081/api
[2026-06-15 11:54:17] [INFO] Received OPTIONS request to /api/activity
[2026-06-15 11:54:17] [INFO] Received GET request to /api/activity
[2026-06-15 11:55:43] [INFO] [API] HTTP Server started on port 8081
[2026-06-15 11:55:43] [INFO] [API] Frontend can connect at http://localhost:8081/api
[2026-06-15 11:55:48] [INFO] Received OPTIONS request to /api/activity
[2026-06-15 11:55:48] [INFO] Received GET request to /api/activity
[2026-06-15 11:56:18] [INFO] Received OPTIONS request to /api/activity
[2026-06-15 11:56:18] [INFO] Received GET request to /api/activity
[2026-06-15 11:56:48] [INFO] Received OPTIONS request to /api/activity
[2026-06-15 11:56:48] [INFO] Received GET request to /api/activity
[2026-06-15 11:57:18] [INFO] Received OPTIONS request to /api/activity
[2026-06-15 11:57:18] [INFO] Received GET request to /api/activity
[2026-06-15 11:57:48] [INFO] Received OPTIONS request to /api/activity
[2026-06-15 11:57:48] [INFO] Received GET request to /api/activity
[2026-06-15 11:58:18] [INFO] Received OPTIONS request to /api/activity
[2026-06-15 11:58:18] [INFO] Received GET request to /api/activity
[2026-06-15 11:58:48] [INFO] Received OPTIONS request to /api/activity
[2026-06-15 11:58:48] [INFO] Received GET request to /api/activity
[2026-06-15 11:59:18] [INFO] Received OPTIONS request to /api/activity
[2026-06-15 11:59:18] [INFO] Received GET request to /api/activity
[2026-06-15 11:59:48] [INFO] Received OPTIONS request to /api/activity
[2026-06-15 11:59:48] [INFO] Received GET request to /api/activity
[2026-06-15 12:01:02] [INFO] Received OPTIONS request to /api/activity
[2026-06-15 12:01:02] [INFO] Received GET request to /api/activity
[2026-06-15 12:02:03] [INFO] Received OPTIONS request to /api/activity
[2026-06-15 12:02:03] [INFO] Received GET request to /api/activity
[2026-06-15 12:03:04] [INFO] Received OPTIONS request to /api/activity
[2026-06-15 12:03:04] [INFO] Received GET request to /api/activity
[2026-06-15 12:03:17] [INFO] Received OPTIONS request to /api/activity
[2026-06-15 12:03:17] [INFO] Received GET request to /api/activity
[2026-06-15 12:03:47] [INFO] Received OPTIONS request to /api/activity
[2026-06-15 12:03:47] [INFO] Received GET request to /api/activity
[2026-06-15 12:04:09] [INFO] Received OPTIONS request to /api/routes
[2026-06-15 12:04:09] [INFO] Received OPTIONS request to /api/routes
[2026-06-15 12:04:09] [INFO] Received GET request to /api/routes
[2026-06-15 12:04:09] [INFO] Received GET request to /api/routes
[2026-06-15 12:04:09] [INFO] Received GET request to /api/routes
[2026-06-15 12:04:09] [INFO] Received GET request to /api/routes
[2026-06-15 12:04:17] [INFO] Received OPTIONS request to /api/shipments
[2026-06-15 12:04:17] [INFO] Received OPTIONS request to /api/shipments
[2026-06-15 12:04:17] [INFO] Received GET request to /api/shipments
[2026-06-15 12:04:17] [INFO] Received GET request to /api/shipments
[2026-06-15 12:04:17] [INFO] Received GET request to /api/shipments
[2026-06-15 12:04:17] [INFO] Received GET request to /api/shipments
[2026-06-15 12:04:18] [INFO] Received OPTIONS request to /api/activity
[2026-06-15 12:04:18] [INFO] Received OPTIONS request to /api/dashboard
[2026-06-15 12:04:18] [INFO] Received OPTIONS request to /api/stats/logistics
[2026-06-15 12:04:18] [INFO] Received OPTIONS request to /api/activity
[2026-06-15 12:04:18] [INFO] Received OPTIONS request to /api/dashboard
[2026-06-15 12:04:18] [INFO] Received OPTIONS request to /api/stats/logistics
[2026-06-15 12:04:18] [INFO] Received GET request to /api/activity
[2026-06-15 12:04:18] [INFO] Received GET request to /api/dashboard
[2026-06-15 12:04:18] [INFO] Dashboard data requested
[2026-06-15 12:04:18] [INFO] Received GET request to /api/stats/logistics
[2026-06-15 12:04:18] [INFO] Received GET request to /api/dashboard
[2026-06-15 12:04:18] [INFO] Dashboard data requested
[2026-06-15 12:04:18] [INFO] Received GET request to /api/activity
[2026-06-15 12:04:18] [INFO] Received GET request to /api/stats/logistics
[2026-06-15 12:04:18] [INFO] Received GET request to /api/activity
[2026-06-15 12:04:18] [INFO] Received GET request to /api/dashboard
[2026-06-15 12:04:18] [INFO] Dashboard data requested
[2026-06-15 12:04:18] [INFO] Received GET request to /api/activity
[2026-06-15 12:04:18] [INFO] Received GET request to /api/stats/logistics
[2026-06-15 12:04:18] [INFO] Received GET request to /api/dashboard
[2026-06-15 12:04:18] [INFO] Dashboard data requested
[2026-06-15 12:04:18] [INFO] Received GET request to /api/stats/logistics
[2026-06-15 12:04:48] [INFO] Received OPTIONS request to /api/activity
[2026-06-15 12:04:48] [INFO] Received GET request to /api/activity
[2026-06-15 12:05:18] [INFO] Received OPTIONS request to /api/activity
[2026-06-15 12:05:18] [INFO] Received GET request to /api/activity
[2026-06-15 12:05:48] [INFO] Received OPTIONS request to /api/activity
[2026-06-15 12:05:48] [INFO] Received GET request to /api/activity
[2026-06-15 12:06:18] [INFO] Received OPTIONS request to /api/activity
[2026-06-15 12:06:18] [INFO] Received GET request to /api/activity
[2026-06-15 12:06:48] [INFO] Received OPTIONS request to /api/activity
[2026-06-15 12:06:48] [INFO] Received GET request to /api/activity
[2026-06-15 12:07:18] [INFO] Received OPTIONS request to /api/activity
[2026-06-15 12:07:18] [INFO] Received GET request to /api/activity
[2026-06-15 12:07:29] [INFO] Received OPTIONS request to /api/warehouses
[2026-06-15 12:07:29] [INFO] Received OPTIONS request to /api/routes
[2026-06-15 12:07:29] [INFO] Received OPTIONS request to /api/warehouses
[2026-06-15 12:07:29] [INFO] Received OPTIONS request to /api/routes
[2026-06-15 12:07:30] [INFO] Received GET request to /api/warehouses
[2026-06-15 12:07:30] [INFO] Received GET request to /api/routes
[2026-06-15 12:07:30] [INFO] Received GET request to /api/warehouses
[2026-06-15 12:07:30] [INFO] Received GET request to /api/routes
[2026-06-15 12:08:12] [INFO] Received OPTIONS request to /api/warehouses
[2026-06-15 12:08:12] [INFO] Received OPTIONS request to /api/routes
[2026-06-15 12:08:12] [INFO] Received OPTIONS request to /api/warehouses
[2026-06-15 12:08:12] [INFO] Received OPTIONS request to /api/routes
[2026-06-15 12:08:12] [INFO] Received GET request to /api/warehouses
[2026-06-15 12:08:12] [INFO] Received GET request to /api/routes
[2026-06-15 12:08:12] [INFO] Received GET request to /api/warehouses
[2026-06-15 12:08:12] [INFO] Received GET request to /api/routes
[2026-06-15 12:09:06] [INFO] Received OPTIONS request to /api/warehouses
[2026-06-15 12:09:06] [INFO] Received OPTIONS request to /api/routes
[2026-06-15 12:09:06] [INFO] Received OPTIONS request to /api/warehouses
[2026-06-15 12:09:06] [INFO] Received OPTIONS request to /api/routes
[2026-06-15 12:09:06] [INFO] Received GET request to /api/warehouses
[2026-06-15 12:09:06] [INFO] Received GET request to /api/routes
[2026-06-15 12:09:06] [INFO] Received GET request to /api/warehouses
[2026-06-15 12:09:06] [INFO] Received GET request to /api/routes
[2026-06-15 12:09:24] [INFO] Received OPTIONS request to /api/routes/shortest?sourceWarehouseId=W001&destinationWarehouseId=W003
[2026-06-15 12:09:24] [INFO] Received GET request to /api/routes/shortest?sourceWarehouseId=W001&destinationWarehouseId=W003
[2026-06-15 12:09:28] [INFO] Received OPTIONS request to /api/shipments
[2026-06-15 12:09:28] [INFO] Received OPTIONS request to /api/shipments
[2026-06-15 12:09:28] [INFO] Received GET request to /api/shipments
[2026-06-15 12:09:28] [INFO] Received GET request to /api/shipments
[2026-06-15 12:09:28] [INFO] Received GET request to /api/shipments
[2026-06-15 12:09:28] [INFO] Received GET request to /api/shipments
[2026-06-15 12:09:29] [INFO] Received OPTIONS request to /api/activity
[2026-06-15 12:09:29] [INFO] Received OPTIONS request to /api/dashboard
[2026-06-15 12:09:29] [INFO] Received OPTIONS request to /api/stats/logistics
[2026-06-15 12:09:29] [INFO] Received OPTIONS request to /api/activity
[2026-06-15 12:09:29] [INFO] Received OPTIONS request to /api/dashboard
[2026-06-15 12:09:29] [INFO] Received OPTIONS request to /api/stats/logistics
[2026-06-15 12:09:29] [INFO] Received GET request to /api/activity
[2026-06-15 12:09:29] [INFO] Received GET request to /api/dashboard
[2026-06-15 12:09:29] [INFO] Dashboard data requested
[2026-06-15 12:09:29] [INFO] Received GET request to /api/stats/logistics
[2026-06-15 12:09:29] [INFO] Received GET request to /api/dashboard
[2026-06-15 12:09:29] [INFO] Dashboard data requested
[2026-06-15 12:09:29] [INFO] Received GET request to /api/activity
[2026-06-15 12:09:29] [INFO] Received GET request to /api/stats/logistics
[2026-06-15 12:09:29] [INFO] Received GET request to /api/activity
[2026-06-15 12:09:29] [INFO] Received GET request to /api/dashboard
[2026-06-15 12:09:29] [INFO] Dashboard data requested
[2026-06-15 12:09:29] [INFO] Received GET request to /api/stats/logistics
[2026-06-15 12:09:29] [INFO] Received GET request to /api/activity
[2026-06-15 12:09:29] [INFO] Received GET request to /api/dashboard
[2026-06-15 12:09:29] [INFO] Dashboard data requested
[2026-06-15 12:09:29] [INFO] Received GET request to /api/stats/logistics
[2026-06-15 12:09:30] [INFO] Received OPTIONS request to /api/warehouses
[2026-06-15 12:09:30] [INFO] Received OPTIONS request to /api/routes
[2026-06-15 12:09:30] [INFO] Received OPTIONS request to /api/warehouses
[2026-06-15 12:09:30] [INFO] Received OPTIONS request to /api/routes
[2026-06-15 12:09:30] [INFO] Received GET request to /api/warehouses
[2026-06-15 12:09:30] [INFO] Received GET request to /api/routes
[2026-06-15 12:09:30] [INFO] Received GET request to /api/warehouses
[2026-06-15 12:09:30] [INFO] Received GET request to /api/routes
[2026-06-15 12:09:30] [INFO] Received GET request to /api/warehouses
[2026-06-15 12:09:30] [INFO] Received GET request to /api/routes
[2026-06-15 12:09:30] [INFO] Received GET request to /api/warehouses
[2026-06-15 12:09:30] [INFO] Received GET request to /api/routes
[2026-06-15 12:23:00] [INFO] Received OPTIONS request to /api/warehouses
[2026-06-15 12:23:00] [INFO] Received OPTIONS request to /api/routes
[2026-06-15 12:23:00] [INFO] Received OPTIONS request to /api/warehouses
[2026-06-15 12:23:00] [INFO] Received OPTIONS request to /api/routes
[2026-06-15 12:23:00] [INFO] Received GET request to /api/warehouses
[2026-06-15 12:23:00] [INFO] Received GET request to /api/routes
[2026-06-15 12:23:00] [INFO] Received GET request to /api/warehouses
[2026-06-15 12:23:00] [INFO] Received GET request to /api/routes
[2026-06-15 12:24:47] [INFO] Received OPTIONS request to /api/warehouses
[2026-06-15 12:24:47] [INFO] Received OPTIONS request to /api/routes
[2026-06-15 12:24:47] [INFO] Received OPTIONS request to /api/warehouses
[2026-06-15 12:24:47] [INFO] Received OPTIONS request to /api/routes
[2026-06-15 12:24:47] [INFO] Received GET request to /api/warehouses
[2026-06-15 12:24:47] [INFO] Received GET request to /api/routes
[2026-06-15 12:24:47] [INFO] Received GET request to /api/warehouses
[2026-06-15 12:24:47] [INFO] Received GET request to /api/routes
[2026-06-15 12:25:56] [INFO] Received OPTIONS request to /api/warehouses
[2026-06-15 12:25:56] [INFO] Received OPTIONS request to /api/routes
[2026-06-15 12:25:56] [INFO] Received OPTIONS request to /api/warehouses
[2026-06-15 12:25:56] [INFO] Received OPTIONS request to /api/routes
[2026-06-15 12:25:56] [INFO] Received GET request to /api/warehouses
[2026-06-15 12:25:56] [INFO] Received GET request to /api/routes
[2026-06-15 12:25:56] [INFO] Received GET request to /api/warehouses
[2026-06-15 12:25:56] [INFO] Received GET request to /api/routes
[2026-06-15 12:28:06] [INFO] Received OPTIONS request to /api/warehouses
[2026-06-15 12:28:06] [INFO] Received OPTIONS request to /api/routes
[2026-06-15 12:28:06] [INFO] Received OPTIONS request to /api/warehouses
[2026-06-15 12:28:06] [INFO] Received OPTIONS request to /api/routes
[2026-06-15 12:28:06] [INFO] Received GET request to /api/warehouses
[2026-06-15 12:28:06] [INFO] Received GET request to /api/routes
[2026-06-15 12:28:06] [INFO] Received GET request to /api/warehouses
[2026-06-15 12:28:06] [INFO] Received GET request to /api/routes
[2026-06-15 12:28:20] [INFO] Received OPTIONS request to /api/warehouses
[2026-06-15 12:28:20] [INFO] Received OPTIONS request to /api/routes
[2026-06-15 12:28:20] [INFO] Received OPTIONS request to /api/warehouses
[2026-06-15 12:28:20] [INFO] Received OPTIONS request to /api/routes
[2026-06-15 12:28:20] [INFO] Received GET request to /api/warehouses
[2026-06-15 12:28:20] [INFO] Received GET request to /api/routes
[2026-06-15 12:28:20] [INFO] Received GET request to /api/warehouses
[2026-06-15 12:28:20] [INFO] Received GET request to /api/routes
[2026-06-15 12:32:13] [INFO] Received OPTIONS request to /api/warehouses
[2026-06-15 12:32:13] [INFO] Received OPTIONS request to /api/routes
[2026-06-15 12:32:13] [INFO] Received OPTIONS request to /api/warehouses
[2026-06-15 12:32:13] [INFO] Received OPTIONS request to /api/routes
[2026-06-15 12:32:13] [INFO] Received GET request to /api/warehouses
[2026-06-15 12:32:13] [INFO] Received GET request to /api/routes
[2026-06-15 12:32:13] [INFO] Received GET request to /api/warehouses
[2026-06-15 12:32:13] [INFO] Received GET request to /api/routes
[2026-06-15 12:32:38] [INFO] Received OPTIONS request to /api/routes/shortest?sourceWarehouseId=W002&destinationWarehouseId=W004
[2026-06-15 12:32:38] [INFO] Received GET request to /api/routes/shortest?sourceWarehouseId=W002&destinationWarehouseId=W004
[2026-06-15 12:38:54] [INFO] [API] HTTP Server started on port 8081
[2026-06-15 12:38:54] [INFO] [API] Frontend can connect at http://localhost:8081/api
[2026-06-15 12:40:51] [INFO] Received OPTIONS request to /api/warehouses
[2026-06-15 12:40:51] [INFO] Received OPTIONS request to /api/routes
[2026-06-15 12:40:51] [INFO] Received GET request to /api/warehouses
[2026-06-15 12:40:52] [INFO] Received OPTIONS request to /api/warehouses
[2026-06-15 12:40:52] [INFO] Received OPTIONS request to /api/routes
[2026-06-15 12:40:52] [INFO] Received GET request to /api/routes
[2026-06-15 12:40:52] [INFO] Received GET request to /api/warehouses
[2026-06-15 12:40:52] [INFO] Received GET request to /api/routes
[2026-06-15 12:41:11] [INFO] Received OPTIONS request to /api/routes/shortest?sourceWarehouseId=W002&destinationWarehouseId=W004
[2026-06-15 12:41:11] [INFO] Received GET request to /api/routes/shortest?sourceWarehouseId=W002&destinationWarehouseId=W004
[2026-06-16 14:44:24] [INFO] [API] HTTP Server started on port 8081
[2026-06-16 14:44:24] [INFO] [API] Frontend can connect at http://localhost:8081/api
[2026-06-16 14:48:35] [INFO] Received GET request to /api/routes
[2026-06-16 14:49:33] [INFO] Received GET request to /api/routes/shortest?sourceWarehouseId=W004&destinationWarehouseId=W002
[2026-06-16 14:49:33] [INFO] Received GET request to /api/routes/shortest?sourceWarehouseId=W002&destinationWarehouseId=W004
[2026-06-16 15:39:26] [INFO] Received OPTIONS request to /api/auth/login
[2026-06-16 15:39:28] [INFO] Received OPTIONS request to /api/auth/login
[2026-06-16 15:39:37] [INFO] Received OPTIONS request to /api/auth/login
[2026-06-16 15:39:47] [INFO] Received OPTIONS request to /api/auth/register
[2026-06-16 15:40:27] [INFO] Received OPTIONS request to /api/auth/login
[2026-06-16 15:40:33] [INFO] Received OPTIONS request to /api/auth/login
[2026-06-16 15:42:58] [INFO] Received POST request to /api/auth/login
