[2026-06-11 23:15:12] [USER_LOGIN] User logged in: admin (ADMIN)
[2026-06-11 23:15:48] [USER_LOGIN] User logged in: admin (ADMIN)
[2026-06-11 23:17:34] [USER_LOGIN] User logged in: admin (ADMIN)
[2026-06-11 23:20:40] [USER_LOGIN] User logged in: admin (ADMIN)
[2026-06-11 23:29:29] [USER_LOGIN] User logged in: admin (ADMIN)
[2026-06-11 23:33:34] [USER_LOGIN] User logged in: admin (ADMIN)
[2026-06-12 01:26:41] [USER_LOGIN] User logged in: admin (ADMIN)
[2026-06-15 09:30:54] [USER_LOGIN] User logged in: admin (ADMIN)
[2026-06-15 09:59:00] [USER_LOGIN] User logged in: admin (ADMIN)
[2026-06-15 10:02:09] [USER_LOGIN] User logged in: AlooMan (LOGISTICS_MANAGER)
[2026-06-15 10:02:49] [USER_LOGIN] User logged in: admin (ADMIN)
[2026-06-15 10:04:14] [USER_LOGIN] User logged in: admin (ADMIN)
[2026-06-15 10:09:11] [USER_LOGIN] User logged in: admin (ADMIN)
[2026-06-15 10:15:50] [USER_LOGIN] User logged in: AlooSup (SUPPLIER)
[2026-06-15 10:18:59] [USER_LOGIN] User logged in: admin (ADMIN)
[2026-06-15 10:41:06] [USER_LOGIN] User logged in: admin (ADMIN)
[2026-06-15 10:41:33] [USER_LOGIN] User logged in: admin (ADMIN)
[2026-06-15 11:51:28] [USER_LOGIN] User logged in: AlooMan (LOGISTICS_MANAGER)
[2026-06-15 11:54:03] [USER_LOGIN] User logged in: admin (ADMIN)
[2026-06-15 11:55:43] [USER_LOGIN] User logged in: admin (ADMIN)
[2026-06-15 12:38:54] [USER_LOGIN] User logged in: admin (ADMIN)
[2026-06-16 14:44:23] [USER_LOGIN] User logged in: admin (ADMIN)
[2026-06-16 15:38:53] [USER_LOGIN] User logged in: admin (ADMIN)
[2026-06-16 15:40:15] [USER_LOGIN] User logged in: admin (ADMIN)
[2026-06-18 23:41:13] [USER_LOGIN] User logged in: admin (ADMIN)
[2026-06-18 23:43:59] [USER_LOGIN] User logged in: Ware (WAREHOUSE_MANAGER)
[2026-06-18 23:45:49] [USER_LOGIN] User logged in: AlooSup (SUPPLIER)
[2026-06-18 23:46:01] [USER_LOGIN] User logged in: admin (ADMIN)
[2026-06-18 23:56:59] [USER_LOGIN] User logged in: admin (ADMIN)
[2026-06-19 00:16:23] [ORDER_CREATED] Order created: ORD-AC055 for Supplier: S001
[2026-06-19 01:12:55] [USER_LOGIN] User logged in: admin (ADMIN)
[2026-06-19 01:12:55] [PRODUCT_ADDED] Product added: TEST_P_1781811775879 - QA Test Product
[2026-06-19 01:12:55] [ORDER_CREATED] Order created: ORD-BDB8D for Supplier: TEST_S_1781811775891
[2026-06-19 01:12:55] [SHIPMENT_CREATED] Shipment created: SHP-B5DE4 for Order: ORD-BDB8D
[2026-06-19 01:12:55] [SHIPMENT_CREATED] Shipment created: SHP-A6765 for Order: ORD-BDB8D
[2026-06-19 01:12:56] [PRODUCT_DELETED] Product deleted: TEST_P_1781811775879
[2026-06-19 01:21:58] [USER_LOGIN] User logged in: admin (ADMIN)
[2026-06-19 01:22:14] [USER_LOGIN] User logged in: admin (ADMIN)
[2026-06-19 01:22:14] [PRODUCT_ADDED] Product added: TEST_P_1781812334296 - QA Test Product
[2026-06-19 01:22:14] [ORDER_CREATED] Order created: ORD-66549 for Supplier: TEST_S_1781812334336
[2026-06-19 01:22:14] [SHIPMENT_CREATED] Shipment created: SHP-5EE37 for Order: ORD-66549
[2026-06-19 01:22:14] [SHIPMENT_CREATED] Shipment created: SHP-13115 for Order: ORD-66549
[2026-06-19 01:22:14] [PRODUCT_DELETED] Product deleted: TEST_P_1781812334296
[2026-06-19 01:22:54] [USER_LOGIN] User logged in: admin (ADMIN)
